PASS __tests__/application/auth/LogoutUseCase.test.ts
PASS __tests__/infrastructure/remote/CustomExerciseRemoteRepositoryEditDelete.test.ts
PASS __tests__/application/coach/CustomExerciseEditDeleteUseCases.test.ts
FAIL __tests__/infrastructure/remote/MessageRemoteRepository.test.ts
  ● getConversations › returns empty array when user has no conversations

    ReferenceError: repo is not defined

      264 |       m.or.mockResolvedValue({ data: [], error: null });
      265 |
    > 266 |       const result = await repo.getConversations(COACH_ID);
          |                   ^
      267 |
      268 |       expect(result).toEqual([]);
      269 |     });

      at Object.<anonymous> (__tests__/infrastructure/remote/MessageRemoteRepository.test.ts:266:19)
      at asyncGeneratorStep (node_modules/@babel/runtime/helpers/asyncToGenerator.js:3:17)
      at _next (node_modules/@babel/runtime/helpers/asyncToGenerator.js:17:9)
      at node_modules/@babel/runtime/helpers/asyncToGenerator.js:22:7
      at Object.<anonymous> (node_modules/@babel/runtime/helpers/asyncToGenerator.js:14:12)

  ● getConversations › returns conversations with otherUserName for coach perspective

    ReferenceError: repo is not defined

      276 |       m.is.mockResolvedValueOnce({ data: [], error: null });
      277 |
    > 278 |       const result = await repo.getConversations(COACH_ID);
          |                   ^
      279 |
      280 |       expect(result).toHaveLength(1);
      281 |       expect(result[0].otherUserName).toBe('Athlete Name');

      at Object.<anonymous> (__tests__/infrastructure/remote/MessageRemoteRepository.test.ts:278:19)
      at asyncGeneratorStep (node_modules/@babel/runtime/helpers/asyncToGenerator.js:3:17)
      at _next (node_modules/@babel/runtime/helpers/asyncToGenerator.js:17:9)
      at node_modules/@babel/runtime/helpers/asyncToGenerator.js:22:7
      at Object.<anonymous> (node_modules/@babel/runtime/helpers/asyncToGenerator.js:14:12)

  ● getConversations › returns conversations with otherUserName for athlete perspective

    ReferenceError: repo is not defined

      289 |       m.is.mockResolvedValueOnce({ data: [], error: null });
      290 |
    > 291 |       const result = await repo.getConversations(ATHLETE_ID);
          |                   ^
      292 |
      293 |       expect(result).toHaveLength(1);
      294 |       expect(result[0].otherUserName).toBe('Coach Name');

      at Object.<anonymous> (__tests__/infrastructure/remote/MessageRemoteRepository.test.ts:291:19)
      at asyncGeneratorStep (node_modules/@babel/runtime/helpers/asyncToGenerator.js:3:17)
      at _next (node_modules/@babel/runtime/helpers/asyncToGenerator.js:17:9)
      at node_modules/@babel/runtime/helpers/asyncToGenerator.js:22:7
      at Object.<anonymous> (node_modules/@babel/runtime/helpers/asyncToGenerator.js:14:12)

  ● getConversations › counts unread messages correctly

    ReferenceError: repo is not defined

      303 |       });
      304 |
    > 305 |       const result = await repo.getConversations(COACH_ID);
          |                   ^
      306 |
      307 |       expect(result[0].unreadCount).toBe(2);
      308 |     });

      at Object.<anonymous> (__tests__/infrastructure/remote/MessageRemoteRepository.test.ts:305:19)
      at asyncGeneratorStep (node_modules/@babel/runtime/helpers/asyncToGenerator.js:3:17)
      at _next (node_modules/@babel/runtime/helpers/asyncToGenerator.js:17:9)
      at node_modules/@babel/runtime/helpers/asyncToGenerator.js:22:7
      at Object.<anonymous> (node_modules/@babel/runtime/helpers/asyncToGenerator.js:14:12)

  ● getConversations › throws when conversations query fails

    ReferenceError: repo is not defined

      311 |       m.or.mockResolvedValue({ data: null, error: new Error('DB error') });
      312 |
    > 313 |       await expect(repo.getConversations(COACH_ID)).rejects.toThrow('DB error');
          |                    ^
      314 |     });
      315 |
      316 |     it('sorts conversations by lastMessageAt descending', async () => {

      at Object.repo (__tests__/infrastructure/remote/MessageRemoteRepository.test.ts:313:20)
      at asyncGeneratorStep (node_modules/@babel/runtime/helpers/asyncToGenerator.js:3:17)
      at _next (node_modules/@babel/runtime/helpers/asyncToGenerator.js:17:9)
      at node_modules/@babel/runtime/helpers/asyncToGenerator.js:22:7
      at Object.<anonymous> (node_modules/@babel/runtime/helpers/asyncToGenerator.js:14:12)

  ● getConversations › sorts conversations by lastMessageAt descending

    ReferenceError: repo is not defined

      326 |       m.is.mockResolvedValueOnce({ data: [], error: null });
      327 |
    > 328 |       const result = await repo.getConversations(COACH_ID);
          |                   ^
      329 |
      330 |       expect(result[0].id).toBe(CONV_2.id);
      331 |     });

      at Object.<anonymous> (__tests__/infrastructure/remote/MessageRemoteRepository.test.ts:328:19)
      at asyncGeneratorStep (node_modules/@babel/runtime/helpers/asyncToGenerator.js:3:17)
      at _next (node_modules/@babel/runtime/helpers/asyncToGenerator.js:17:9)
      at node_modules/@babel/runtime/helpers/asyncToGenerator.js:22:7
      at Object.<anonymous> (node_modules/@babel/runtime/helpers/asyncToGenerator.js:14:12)

PASS __tests__/presentation/stores/messageStore.test.ts
PASS __tests__/application/MessageUseCases.test.ts
PASS __tests__/presentation/stores/workoutStore.test.ts
FAIL __tests__/application/athlete/WorkoutUseCases.test.ts
  ● finishWorkoutSessionUseCase (edge cases) › sets durationMinutes to 0 when finishedAt is undefined

    La sesión no está activa

       97 |   const session = await repository.getSessionById(sessionId);
       98 |   if (!session) throw new Error(Strings.errorSessionNotFound);
    >  99 |   if (session.status !== 'active') throw new Error(Strings.errorSessionNotActive);
          |                                          ^
      100 |
      101 |   const finished = await repository.finishSession(sessionId);
      102 |

      at src/application/athlete/WorkoutUseCases.ts:99:42
      at asyncGeneratorStep (node_modules/@babel/runtime/helpers/asyncToGenerator.js:3:17)
      at _next (node_modules/@babel/runtime/helpers/asyncToGenerator.js:17:9)

PASS __tests__/application/athlete/ProgressPhotoUseCases.test.ts
FAIL __tests__/application/athlete/ProgressUseCases.test.ts
  ● saveProgressRecordsUseCase (edge cases) › skips 1RM estimation when reps exceed 36

    ReferenceError: EXERCISE_ID is not defined

      193 |     };
      194 |     mockProgressRepo.create.mockResolvedValue({
    > 195 |       id: 'rec-1', athleteId: ATHLETE_ID, exerciseId: EXERCISE_ID,
          |                                                       ^
      196 |       sessionId: SESSION_WITH_SETS.id, recordedAt: new Date(),
      197 |       totalVolumeKg: 800, bestWeightKg: 20, bestReps: 40,
      198 |       estimatedOneRepMaxKg: undefined,

      at Object.EXERCISE_ID (__tests__/application/athlete/ProgressUseCases.test.ts:195:55)
      at asyncGeneratorStep (node_modules/@babel/runtime/helpers/asyncToGenerator.js:3:17)
      at _next (node_modules/@babel/runtime/helpers/asyncToGenerator.js:17:9)
      at node_modules/@babel/runtime/helpers/asyncToGenerator.js:22:7
      at Object.<anonymous> (node_modules/@babel/runtime/helpers/asyncToGenerator.js:14:12)

  ● saveProgressRecordsUseCase (edge cases) › handles session with only isometric sets (no reps sets)

    ReferenceError: EXERCISE_ID is not defined

      218 |     };
      219 |     mockProgressRepo.create.mockResolvedValue({
    > 220 |       id: 'rec-1', athleteId: ATHLETE_ID, exerciseId: EXERCISE_ID,
          |                                                       ^
      221 |       sessionId: SESSION_WITH_SETS.id, recordedAt: new Date(),
      222 |       totalVolumeKg: 0,
      223 |     });

      at Object.EXERCISE_ID (__tests__/application/athlete/ProgressUseCases.test.ts:220:55)
      at asyncGeneratorStep (node_modules/@babel/runtime/helpers/asyncToGenerator.js:3:17)
      at _next (node_modules/@babel/runtime/helpers/asyncToGenerator.js:17:9)
      at node_modules/@babel/runtime/helpers/asyncToGenerator.js:22:7
      at Object.<anonymous> (node_modules/@babel/runtime/helpers/asyncToGenerator.js:14:12)

PASS __tests__/application/coach/CustomExerciseUseCases.test.ts
FAIL __tests__/infrastructure/local/WorkoutLocalRepository.test.ts
  ● WorkoutLocalRepository › getActiveSession › returns a mapped session when an active session exists

    TypeError: rows.map is not a function

      194 |       .orderBy(exerciseSets.setNumber);
      195 |
    > 196 |     return rows.map(this.mapSet.bind(this));
          |                 ^
      197 |   }
      198 | }
      199 |

      at WorkoutLocalRepository.map (src/infrastructure/database/local/WorkoutLocalRepository.ts:196:17)
      at asyncGeneratorStep (node_modules/@babel/runtime/helpers/asyncToGenerator.js:3:17)
      at _next (node_modules/@babel/runtime/helpers/asyncToGenerator.js:17:9)

  ● WorkoutLocalRepository › getSessionHistory › returns empty array when no sessions exist

    TypeError: rows.map is not a function

      194 |       .orderBy(exerciseSets.setNumber);
      195 |
    > 196 |     return rows.map(this.mapSet.bind(this));
          |                 ^
      197 |   }
      198 | }
      199 |

      at WorkoutLocalRepository.map (src/infrastructure/database/local/WorkoutLocalRepository.ts:196:17)
      at asyncGeneratorStep (node_modules/@babel/runtime/helpers/asyncToGenerator.js:3:17)
      at _next (node_modules/@babel/runtime/helpers/asyncToGenerator.js:17:9)

  ● WorkoutLocalRepository › getSessionHistory › returns mapped sessions with their sets

    TypeError: rows.map is not a function

      194 |       .orderBy(exerciseSets.setNumber);
      195 |
    > 196 |     return rows.map(this.mapSet.bind(this));
          |                 ^
      197 |   }
      198 | }
      199 |

      at WorkoutLocalRepository.map (src/infrastructure/database/local/WorkoutLocalRepository.ts:196:17)
      at asyncGeneratorStep (node_modules/@babel/runtime/helpers/asyncToGenerator.js:3:17)
      at _next (node_modules/@babel/runtime/helpers/asyncToGenerator.js:17:9)

  ● WorkoutLocalRepository › getUnsyncedSessions (with data) › returns sessions that are completed and not synced

    TypeError: rows.map is not a function

      179 |       ));
      180 |
    > 181 |     return Promise.all(rows.map(async (row) => {
          |                             ^
      182 |       const sets = await this.getSetsForSession(row.id);
      183 |       return this.mapSession(row, sets);
      184 |     }));

      at WorkoutLocalRepository.map (src/infrastructure/database/local/WorkoutLocalRepository.ts:181:29)
      at asyncGeneratorStep (node_modules/@babel/runtime/helpers/asyncToGenerator.js:3:17)
      at _next (node_modules/@babel/runtime/helpers/asyncToGenerator.js:17:9)

  ● WorkoutLocalRepository › finishSession › returns the finished session when found

    Session fixed-uuid-0000-0000-000000000001 not found after finishing

      147 |
      148 |     const session = await this.getSessionById(sessionId);
    > 149 |     if (!session) throw new Error(`Session ${sessionId} not found after finishing`);
          |                         ^
      150 |     return session;
      151 |   }
      152 |

      at WorkoutLocalRepository.<anonymous> (src/infrastructure/database/local/WorkoutLocalRepository.ts:149:25)
      at asyncGeneratorStep (node_modules/@babel/runtime/helpers/asyncToGenerator.js:3:17)
      at _next (node_modules/@babel/runtime/helpers/asyncToGenerator.js:17:9)

  ● WorkoutLocalRepository › abandonSession › returns the abandoned session when found

    TypeError: rows.map is not a function

      194 |       .orderBy(exerciseSets.setNumber);
      195 |
    > 196 |     return rows.map(this.mapSet.bind(this));
          |                 ^
      197 |   }
      198 | }
      199 |

      at WorkoutLocalRepository.map (src/infrastructure/database/local/WorkoutLocalRepository.ts:196:17)
      at asyncGeneratorStep (node_modules/@babel/runtime/helpers/asyncToGenerator.js:3:17)
      at _next (node_modules/@babel/runtime/helpers/asyncToGenerator.js:17:9)

PASS __tests__/application/coach/ClientUseCases.test.ts
PASS __tests__/infrastructure/remote/BodyMetricRemoteRepository.test.ts
PASS __tests__/domain/entities/entities.test.ts
PASS __tests__/application/athlete/BodyMetricUseCases.test.ts
PASS __tests__/application/nutrition/NutritionUseCases.test.ts
PASS __tests__/domain/value-objects/Weight.test.ts
PASS __tests__/application/auth/AuthError.test.ts
PASS __tests__/infrastructure/remote/ProgressPhotoRemoteRepository.test.ts
PASS __tests__/application/coach/RoutineUseCases.test.ts
PASS __tests__/domain/entities/CustomExercise.test.ts
PASS __tests__/infrastructure/remote/CustomExerciseRemoteRepository.test.ts
PASS __tests__/infrastructure/remote/NutritionRemoteRepository.test.ts
PASS __tests__/infrastructure/sync/SyncService.test.ts
  ● Console

    console.warn
      [SyncService] Failed to sync session sess-uuid-0001-0000-000000000001: { message: 'Connection timeout' }

      91 |        msg.includes('NativeWind'))
      92 |     ) return;
    > 93 |     originalWarn(msg, ...args);
         |                 ^
      94 |   };
      95 | });
      96 | afterAll(() => {

      at console.apply [as warn] (jest.setup.ts:93:17)
      at SyncService.warn (src/infrastructure/sync/SyncService.ts:73:15)
      at asyncGeneratorStep (node_modules/@babel/runtime/helpers/asyncToGenerator.js:3:17)
      at _next (node_modules/@babel/runtime/helpers/asyncToGenerator.js:17:9)

    console.warn
      [SyncService] Failed to sync session sess-uuid-0001-0000-000000000001: { message: 'fail' }

      91 |        msg.includes('NativeWind'))
      92 |     ) return;
    > 93 |     originalWarn(msg, ...args);
         |                 ^
      94 |   };
      95 | });
      96 | afterAll(() => {

      at console.apply [as warn] (jest.setup.ts:93:17)
      at SyncService.warn (src/infrastructure/sync/SyncService.ts:73:15)
      at asyncGeneratorStep (node_modules/@babel/runtime/helpers/asyncToGenerator.js:3:17)
      at _next (node_modules/@babel/runtime/helpers/asyncToGenerator.js:17:9)

PASS __tests__/presentation/components/ExercisePicker.test.ts
PASS __tests__/domain/entities/Message.test.ts
PASS __tests__/application/auth/LoginUseCase.test.ts
PASS __tests__/application/auth/RegisterUseCase.test.ts
PASS __tests__/presentation/components/ConsistencyChart.test.ts
PASS __tests__/domain/value-objects/OneRepMax.test.ts
PASS __tests__/infrastructure/remote/ProgressRemoteRepository.test.ts
PASS __tests__/domain/value-objects/Volume.test.ts
PASS __tests__/presentation/hooks/useExerciseResolver.test.ts
PASS __tests__/infrastructure/remote/CoachRemoteRepository.test.ts
PASS __tests__/shared/utils/youtube.test.ts
PASS __tests__/domain/entities/exercises.test.ts
PASS __tests__/presentation/utils/elapsedTime.test.ts
FAIL __tests__/infrastructure/remote/RoutineRemoteRepository.test.ts
  ● Test suite failed to run

    Jest encountered an unexpected token

    Jest failed to parse a file. This happens e.g. when your code or its dependencies use non-standard JavaScript syntax, or when Jest is not configured to support such syntax.

    Out of the box Jest supports Babel, which will be used to transform your files into valid JS based on your Babel configuration.

    By default "node_modules" folder is ignored by transformers.

    Here's what you can do:
     • If you are trying to use ECMAScript Modules, see https://jestjs.io/docs/ecmascript-modules for how to enable it.
     • If you are trying to use TypeScript, see https://jestjs.io/docs/getting-started#using-typescript
     • To have some of your "node_modules" files transformed, you can specify a custom "transformIgnorePatterns" in your config.
     • If you need a custom transformation specify a "transform" option in your config.
     • If you simply want to mock your non-JS modules (e.g. binary assets) you can stub them out with the "moduleNameMapper" config option.

    You'll find more details and examples of these config options in the docs:
    https://jestjs.io/docs/configuration
    For information about custom transformations, see:
    https://jestjs.io/docs/code-transformation

    Details:

    SyntaxError: /home/ferro/rociogallegofitness/fitcoach/__tests__/infrastructure/remote/RoutineRemoteRepository.test.ts: Unexpected token (281:0)

      279 |   });
      280 |
    > 281 | });
          | ^
      282 |

      at constructor (node_modules/@babel/parser/src/parse-error.ts:95:45)
      at TypeScriptParserMixin.toParseError [as raise] (node_modules/@babel/parser/src/tokenizer/index.ts:1504:19)
      at TypeScriptParserMixin.raise [as unexpected] (node_modules/@babel/parser/src/tokenizer/index.ts:1544:16)
      at TypeScriptParserMixin.unexpected [as parseExprAtom] (node_modules/@babel/parser/src/parser/expression.ts:1355:22)
      at TypeScriptParserMixin.parseExprAtom [as parseExprSubscripts] (node_modules/@babel/parser/src/parser/expression.ts:742:23)
      at TypeScriptParserMixin.parseExprSubscripts [as parseUpdate] (node_modules/@babel/parser/src/parser/expression.ts:721:21)
      at TypeScriptParserMixin.parseUpdate (node_modules/@babel/parser/src/parser/expression.ts:683:23)
      at TypeScriptParserMixin.parseMaybeUnary (node_modules/@babel/parser/src/plugins/typescript/index.ts:3893:20)
      at TypeScriptParserMixin.parseMaybeUnary [as parseMaybeUnaryOrPrivate] (node_modules/@babel/parser/src/parser/expression.ts:417:14)
      at TypeScriptParserMixin.parseMaybeUnaryOrPrivate [as parseExprOps] (node_modules/@babel/parser/src/parser/expression.ts:429:23)
      at TypeScriptParserMixin.parseExprOps [as parseMaybeConditional] (node_modules/@babel/parser/src/parser/expression.ts:384:23)
      at TypeScriptParserMixin.parseMaybeConditional (node_modules/@babel/parser/src/parser/expression.ts:301:21)
      at TypeScriptParserMixin.parseMaybeAssign (node_modules/@babel/parser/src/plugins/typescript/index.ts:3764:22)
      at TypeScriptParserMixin.parseMaybeAssign [as parseExpressionBase] (node_modules/@babel/parser/src/parser/expression.ts:226:23)
      at parseExpressionBase (node_modules/@babel/parser/src/parser/expression.ts:217:39)
      at TypeScriptParserMixin.callback [as allowInAnd] (node_modules/@babel/parser/src/parser/expression.ts:3189:16)
      at TypeScriptParserMixin.allowInAnd [as parseExpression] (node_modules/@babel/parser/src/parser/expression.ts:217:17)
      at TypeScriptParserMixin.parseExpression (node_modules/@babel/parser/src/parser/statement.ts:688:23)
      at TypeScriptParserMixin.parseStatementContent (node_modules/@babel/parser/src/plugins/typescript/index.ts:3220:20)
      at TypeScriptParserMixin.parseStatementContent [as parseStatementLike] (node_modules/@babel/parser/src/parser/statement.ts:482:17)
      at TypeScriptParserMixin.parseStatementLike [as parseModuleItem] (node_modules/@babel/parser/src/parser/statement.ts:419:17)
      at TypeScriptParserMixin.parseModuleItem [as parseBlockOrModuleBlockBody] (node_modules/@babel/parser/src/parser/statement.ts:1443:16)
      at TypeScriptParserMixin.parseBlockOrModuleBlockBody [as parseBlockBody] (node_modules/@babel/parser/src/parser/statement.ts:1417:10)
      at TypeScriptParserMixin.parseBlockBody [as parseProgram] (node_modules/@babel/parser/src/parser/statement.ts:229:10)
      at TypeScriptParserMixin.parseProgram [as parseTopLevel] (node_modules/@babel/parser/src/parser/statement.ts:203:25)
      at TypeScriptParserMixin.parseTopLevel (node_modules/@babel/parser/src/parser/index.ts:83:25)
      at TypeScriptParserMixin.parse (node_modules/@babel/parser/src/plugins/typescript/index.ts:4354:20)
      at parse (node_modules/@babel/parser/src/index.ts:86:38)
      at parser (node_modules/@babel/core/src/parser/index.ts:29:19)
          at parser.next (<anonymous>)
      at normalizeFile (node_modules/@babel/core/src/transformation/normalize-file.ts:50:24)
          at normalizeFile.next (<anonymous>)
      at run (node_modules/@babel/core/src/transformation/index.ts:41:36)
          at run.next (<anonymous>)
      at transform (node_modules/@babel/core/src/transform.ts:29:20)
          at transform.next (<anonymous>)
      at evaluateSync (node_modules/gensync/index.js:251:28)
      at sync (node_modules/gensync/index.js:89:14)
      at fn (node_modules/@babel/core/src/errors/rewrite-stack-trace.ts:99:14)
      at transformSync (node_modules/@babel/core/src/transform.ts:66:52)
      at ScriptTransformer.transformSource (node_modules/@jest/transform/build/ScriptTransformer.js:545:31)
      at ScriptTransformer._transformAndBuildScript (node_modules/@jest/transform/build/ScriptTransformer.js:674:40)
      at ScriptTransformer.transform (node_modules/@jest/transform/build/ScriptTransformer.js:726:19)

Summary of all failing tests
FAIL __tests__/infrastructure/remote/MessageRemoteRepository.test.ts
  ● getConversations › returns empty array when user has no conversations

    ReferenceError: repo is not defined

      264 |       m.or.mockResolvedValue({ data: [], error: null });
      265 |
    > 266 |       const result = await repo.getConversations(COACH_ID);
          |                   ^
      267 |
      268 |       expect(result).toEqual([]);
      269 |     });

      at Object.<anonymous> (__tests__/infrastructure/remote/MessageRemoteRepository.test.ts:266:19)
      at asyncGeneratorStep (node_modules/@babel/runtime/helpers/asyncToGenerator.js:3:17)
      at _next (node_modules/@babel/runtime/helpers/asyncToGenerator.js:17:9)
      at node_modules/@babel/runtime/helpers/asyncToGenerator.js:22:7
      at Object.<anonymous> (node_modules/@babel/runtime/helpers/asyncToGenerator.js:14:12)

  ● getConversations › returns conversations with otherUserName for coach perspective

    ReferenceError: repo is not defined

      276 |       m.is.mockResolvedValueOnce({ data: [], error: null });
      277 |
    > 278 |       const result = await repo.getConversations(COACH_ID);
          |                   ^
      279 |
      280 |       expect(result).toHaveLength(1);
      281 |       expect(result[0].otherUserName).toBe('Athlete Name');

      at Object.<anonymous> (__tests__/infrastructure/remote/MessageRemoteRepository.test.ts:278:19)
      at asyncGeneratorStep (node_modules/@babel/runtime/helpers/asyncToGenerator.js:3:17)
      at _next (node_modules/@babel/runtime/helpers/asyncToGenerator.js:17:9)
      at node_modules/@babel/runtime/helpers/asyncToGenerator.js:22:7
      at Object.<anonymous> (node_modules/@babel/runtime/helpers/asyncToGenerator.js:14:12)

  ● getConversations › returns conversations with otherUserName for athlete perspective

    ReferenceError: repo is not defined

      289 |       m.is.mockResolvedValueOnce({ data: [], error: null });
      290 |
    > 291 |       const result = await repo.getConversations(ATHLETE_ID);
          |                   ^
      292 |
      293 |       expect(result).toHaveLength(1);
      294 |       expect(result[0].otherUserName).toBe('Coach Name');

      at Object.<anonymous> (__tests__/infrastructure/remote/MessageRemoteRepository.test.ts:291:19)
      at asyncGeneratorStep (node_modules/@babel/runtime/helpers/asyncToGenerator.js:3:17)
      at _next (node_modules/@babel/runtime/helpers/asyncToGenerator.js:17:9)
      at node_modules/@babel/runtime/helpers/asyncToGenerator.js:22:7
      at Object.<anonymous> (node_modules/@babel/runtime/helpers/asyncToGenerator.js:14:12)

  ● getConversations › counts unread messages correctly

    ReferenceError: repo is not defined

      303 |       });
      304 |
    > 305 |       const result = await repo.getConversations(COACH_ID);
          |                   ^
      306 |
      307 |       expect(result[0].unreadCount).toBe(2);
      308 |     });

      at Object.<anonymous> (__tests__/infrastructure/remote/MessageRemoteRepository.test.ts:305:19)
      at asyncGeneratorStep (node_modules/@babel/runtime/helpers/asyncToGenerator.js:3:17)
      at _next (node_modules/@babel/runtime/helpers/asyncToGenerator.js:17:9)
      at node_modules/@babel/runtime/helpers/asyncToGenerator.js:22:7
      at Object.<anonymous> (node_modules/@babel/runtime/helpers/asyncToGenerator.js:14:12)

  ● getConversations › throws when conversations query fails

    ReferenceError: repo is not defined

      311 |       m.or.mockResolvedValue({ data: null, error: new Error('DB error') });
      312 |
    > 313 |       await expect(repo.getConversations(COACH_ID)).rejects.toThrow('DB error');
          |                    ^
      314 |     });
      315 |
      316 |     it('sorts conversations by lastMessageAt descending', async () => {

      at Object.repo (__tests__/infrastructure/remote/MessageRemoteRepository.test.ts:313:20)
      at asyncGeneratorStep (node_modules/@babel/runtime/helpers/asyncToGenerator.js:3:17)
      at _next (node_modules/@babel/runtime/helpers/asyncToGenerator.js:17:9)
      at node_modules/@babel/runtime/helpers/asyncToGenerator.js:22:7
      at Object.<anonymous> (node_modules/@babel/runtime/helpers/asyncToGenerator.js:14:12)

  ● getConversations › sorts conversations by lastMessageAt descending

    ReferenceError: repo is not defined

      326 |       m.is.mockResolvedValueOnce({ data: [], error: null });
      327 |
    > 328 |       const result = await repo.getConversations(COACH_ID);
          |                   ^
      329 |
      330 |       expect(result[0].id).toBe(CONV_2.id);
      331 |     });

      at Object.<anonymous> (__tests__/infrastructure/remote/MessageRemoteRepository.test.ts:328:19)
      at asyncGeneratorStep (node_modules/@babel/runtime/helpers/asyncToGenerator.js:3:17)
      at _next (node_modules/@babel/runtime/helpers/asyncToGenerator.js:17:9)
      at node_modules/@babel/runtime/helpers/asyncToGenerator.js:22:7
      at Object.<anonymous> (node_modules/@babel/runtime/helpers/asyncToGenerator.js:14:12)

FAIL __tests__/application/athlete/WorkoutUseCases.test.ts
  ● finishWorkoutSessionUseCase (edge cases) › sets durationMinutes to 0 when finishedAt is undefined

    La sesión no está activa

       97 |   const session = await repository.getSessionById(sessionId);
       98 |   if (!session) throw new Error(Strings.errorSessionNotFound);
    >  99 |   if (session.status !== 'active') throw new Error(Strings.errorSessionNotActive);
          |                                          ^
      100 |
      101 |   const finished = await repository.finishSession(sessionId);
      102 |

      at src/application/athlete/WorkoutUseCases.ts:99:42
      at asyncGeneratorStep (node_modules/@babel/runtime/helpers/asyncToGenerator.js:3:17)
      at _next (node_modules/@babel/runtime/helpers/asyncToGenerator.js:17:9)

FAIL __tests__/application/athlete/ProgressUseCases.test.ts
  ● saveProgressRecordsUseCase (edge cases) › skips 1RM estimation when reps exceed 36

    ReferenceError: EXERCISE_ID is not defined

      193 |     };
      194 |     mockProgressRepo.create.mockResolvedValue({
    > 195 |       id: 'rec-1', athleteId: ATHLETE_ID, exerciseId: EXERCISE_ID,
          |                                                       ^
      196 |       sessionId: SESSION_WITH_SETS.id, recordedAt: new Date(),
      197 |       totalVolumeKg: 800, bestWeightKg: 20, bestReps: 40,
      198 |       estimatedOneRepMaxKg: undefined,

      at Object.EXERCISE_ID (__tests__/application/athlete/ProgressUseCases.test.ts:195:55)
      at asyncGeneratorStep (node_modules/@babel/runtime/helpers/asyncToGenerator.js:3:17)
      at _next (node_modules/@babel/runtime/helpers/asyncToGenerator.js:17:9)
      at node_modules/@babel/runtime/helpers/asyncToGenerator.js:22:7
      at Object.<anonymous> (node_modules/@babel/runtime/helpers/asyncToGenerator.js:14:12)

  ● saveProgressRecordsUseCase (edge cases) › handles session with only isometric sets (no reps sets)

    ReferenceError: EXERCISE_ID is not defined

      218 |     };
      219 |     mockProgressRepo.create.mockResolvedValue({
    > 220 |       id: 'rec-1', athleteId: ATHLETE_ID, exerciseId: EXERCISE_ID,
          |                                                       ^
      221 |       sessionId: SESSION_WITH_SETS.id, recordedAt: new Date(),
      222 |       totalVolumeKg: 0,
      223 |     });

      at Object.EXERCISE_ID (__tests__/application/athlete/ProgressUseCases.test.ts:220:55)
      at asyncGeneratorStep (node_modules/@babel/runtime/helpers/asyncToGenerator.js:3:17)
      at _next (node_modules/@babel/runtime/helpers/asyncToGenerator.js:17:9)
      at node_modules/@babel/runtime/helpers/asyncToGenerator.js:22:7
      at Object.<anonymous> (node_modules/@babel/runtime/helpers/asyncToGenerator.js:14:12)

FAIL __tests__/infrastructure/local/WorkoutLocalRepository.test.ts
  ● WorkoutLocalRepository › getActiveSession › returns a mapped session when an active session exists

    TypeError: rows.map is not a function

      194 |       .orderBy(exerciseSets.setNumber);
      195 |
    > 196 |     return rows.map(this.mapSet.bind(this));
          |                 ^
      197 |   }
      198 | }
      199 |

      at WorkoutLocalRepository.map (src/infrastructure/database/local/WorkoutLocalRepository.ts:196:17)
      at asyncGeneratorStep (node_modules/@babel/runtime/helpers/asyncToGenerator.js:3:17)
      at _next (node_modules/@babel/runtime/helpers/asyncToGenerator.js:17:9)

  ● WorkoutLocalRepository › getSessionHistory › returns empty array when no sessions exist

    TypeError: rows.map is not a function

      194 |       .orderBy(exerciseSets.setNumber);
      195 |
    > 196 |     return rows.map(this.mapSet.bind(this));
          |                 ^
      197 |   }
      198 | }
      199 |

      at WorkoutLocalRepository.map (src/infrastructure/database/local/WorkoutLocalRepository.ts:196:17)
      at asyncGeneratorStep (node_modules/@babel/runtime/helpers/asyncToGenerator.js:3:17)
      at _next (node_modules/@babel/runtime/helpers/asyncToGenerator.js:17:9)

  ● WorkoutLocalRepository › getSessionHistory › returns mapped sessions with their sets

    TypeError: rows.map is not a function

      194 |       .orderBy(exerciseSets.setNumber);
      195 |
    > 196 |     return rows.map(this.mapSet.bind(this));
          |                 ^
      197 |   }
      198 | }
      199 |

      at WorkoutLocalRepository.map (src/infrastructure/database/local/WorkoutLocalRepository.ts:196:17)
      at asyncGeneratorStep (node_modules/@babel/runtime/helpers/asyncToGenerator.js:3:17)
      at _next (node_modules/@babel/runtime/helpers/asyncToGenerator.js:17:9)

  ● WorkoutLocalRepository › getUnsyncedSessions (with data) › returns sessions that are completed and not synced

    TypeError: rows.map is not a function

      179 |       ));
      180 |
    > 181 |     return Promise.all(rows.map(async (row) => {
          |                             ^
      182 |       const sets = await this.getSetsForSession(row.id);
      183 |       return this.mapSession(row, sets);
      184 |     }));

      at WorkoutLocalRepository.map (src/infrastructure/database/local/WorkoutLocalRepository.ts:181:29)
      at asyncGeneratorStep (node_modules/@babel/runtime/helpers/asyncToGenerator.js:3:17)
      at _next (node_modules/@babel/runtime/helpers/asyncToGenerator.js:17:9)

  ● WorkoutLocalRepository › finishSession › returns the finished session when found

    Session fixed-uuid-0000-0000-000000000001 not found after finishing

      147 |
      148 |     const session = await this.getSessionById(sessionId);
    > 149 |     if (!session) throw new Error(`Session ${sessionId} not found after finishing`);
          |                         ^
      150 |     return session;
      151 |   }
      152 |

      at WorkoutLocalRepository.<anonymous> (src/infrastructure/database/local/WorkoutLocalRepository.ts:149:25)
      at asyncGeneratorStep (node_modules/@babel/runtime/helpers/asyncToGenerator.js:3:17)
      at _next (node_modules/@babel/runtime/helpers/asyncToGenerator.js:17:9)

  ● WorkoutLocalRepository › abandonSession › returns the abandoned session when found

    TypeError: rows.map is not a function

      194 |       .orderBy(exerciseSets.setNumber);
      195 |
    > 196 |     return rows.map(this.mapSet.bind(this));
          |                 ^
      197 |   }
      198 | }
      199 |

      at WorkoutLocalRepository.map (src/infrastructure/database/local/WorkoutLocalRepository.ts:196:17)
      at asyncGeneratorStep (node_modules/@babel/runtime/helpers/asyncToGenerator.js:3:17)
      at _next (node_modules/@babel/runtime/helpers/asyncToGenerator.js:17:9)

FAIL __tests__/infrastructure/remote/RoutineRemoteRepository.test.ts
  ● Test suite failed to run

    Jest encountered an unexpected token

    Jest failed to parse a file. This happens e.g. when your code or its dependencies use non-standard JavaScript syntax, or when Jest is not configured to support such syntax.

    Out of the box Jest supports Babel, which will be used to transform your files into valid JS based on your Babel configuration.

    By default "node_modules" folder is ignored by transformers.

    Here's what you can do:
     • If you are trying to use ECMAScript Modules, see https://jestjs.io/docs/ecmascript-modules for how to enable it.
     • If you are trying to use TypeScript, see https://jestjs.io/docs/getting-started#using-typescript
     • To have some of your "node_modules" files transformed, you can specify a custom "transformIgnorePatterns" in your config.
     • If you need a custom transformation specify a "transform" option in your config.
     • If you simply want to mock your non-JS modules (e.g. binary assets) you can stub them out with the "moduleNameMapper" config option.

    You'll find more details and examples of these config options in the docs:
    https://jestjs.io/docs/configuration
    For information about custom transformations, see:
    https://jestjs.io/docs/code-transformation

    Details:

    SyntaxError: /home/ferro/rociogallegofitness/fitcoach/__tests__/infrastructure/remote/RoutineRemoteRepository.test.ts: Unexpected token (281:0)

      279 |   });
      280 |
    > 281 | });
          | ^
      282 |

      at constructor (node_modules/@babel/parser/src/parse-error.ts:95:45)
      at TypeScriptParserMixin.toParseError [as raise] (node_modules/@babel/parser/src/tokenizer/index.ts:1504:19)
      at TypeScriptParserMixin.raise [as unexpected] (node_modules/@babel/parser/src/tokenizer/index.ts:1544:16)
      at TypeScriptParserMixin.unexpected [as parseExprAtom] (node_modules/@babel/parser/src/parser/expression.ts:1355:22)
      at TypeScriptParserMixin.parseExprAtom [as parseExprSubscripts] (node_modules/@babel/parser/src/parser/expression.ts:742:23)
      at TypeScriptParserMixin.parseExprSubscripts [as parseUpdate] (node_modules/@babel/parser/src/parser/expression.ts:721:21)
      at TypeScriptParserMixin.parseUpdate (node_modules/@babel/parser/src/parser/expression.ts:683:23)
      at TypeScriptParserMixin.parseMaybeUnary (node_modules/@babel/parser/src/plugins/typescript/index.ts:3893:20)
      at TypeScriptParserMixin.parseMaybeUnary [as parseMaybeUnaryOrPrivate] (node_modules/@babel/parser/src/parser/expression.ts:417:14)
      at TypeScriptParserMixin.parseMaybeUnaryOrPrivate [as parseExprOps] (node_modules/@babel/parser/src/parser/expression.ts:429:23)
      at TypeScriptParserMixin.parseExprOps [as parseMaybeConditional] (node_modules/@babel/parser/src/parser/expression.ts:384:23)
      at TypeScriptParserMixin.parseMaybeConditional (node_modules/@babel/parser/src/parser/expression.ts:301:21)
      at TypeScriptParserMixin.parseMaybeAssign (node_modules/@babel/parser/src/plugins/typescript/index.ts:3764:22)
      at TypeScriptParserMixin.parseMaybeAssign [as parseExpressionBase] (node_modules/@babel/parser/src/parser/expression.ts:226:23)
      at parseExpressionBase (node_modules/@babel/parser/src/parser/expression.ts:217:39)
      at TypeScriptParserMixin.callback [as allowInAnd] (node_modules/@babel/parser/src/parser/expression.ts:3189:16)
      at TypeScriptParserMixin.allowInAnd [as parseExpression] (node_modules/@babel/parser/src/parser/expression.ts:217:17)
      at TypeScriptParserMixin.parseExpression (node_modules/@babel/parser/src/parser/statement.ts:688:23)
      at TypeScriptParserMixin.parseStatementContent (node_modules/@babel/parser/src/plugins/typescript/index.ts:3220:20)
      at TypeScriptParserMixin.parseStatementContent [as parseStatementLike] (node_modules/@babel/parser/src/parser/statement.ts:482:17)
      at TypeScriptParserMixin.parseStatementLike [as parseModuleItem] (node_modules/@babel/parser/src/parser/statement.ts:419:17)
      at TypeScriptParserMixin.parseModuleItem [as parseBlockOrModuleBlockBody] (node_modules/@babel/parser/src/parser/statement.ts:1443:16)
      at TypeScriptParserMixin.parseBlockOrModuleBlockBody [as parseBlockBody] (node_modules/@babel/parser/src/parser/statement.ts:1417:10)
      at TypeScriptParserMixin.parseBlockBody [as parseProgram] (node_modules/@babel/parser/src/parser/statement.ts:229:10)
      at TypeScriptParserMixin.parseProgram [as parseTopLevel] (node_modules/@babel/parser/src/parser/statement.ts:203:25)
      at TypeScriptParserMixin.parseTopLevel (node_modules/@babel/parser/src/parser/index.ts:83:25)
      at TypeScriptParserMixin.parse (node_modules/@babel/parser/src/plugins/typescript/index.ts:4354:20)
      at parse (node_modules/@babel/parser/src/index.ts:86:38)
      at parser (node_modules/@babel/core/src/parser/index.ts:29:19)
          at parser.next (<anonymous>)
      at normalizeFile (node_modules/@babel/core/src/transformation/normalize-file.ts:50:24)
          at normalizeFile.next (<anonymous>)
      at run (node_modules/@babel/core/src/transformation/index.ts:41:36)
          at run.next (<anonymous>)
      at transform (node_modules/@babel/core/src/transform.ts:29:20)
          at transform.next (<anonymous>)
      at evaluateSync (node_modules/gensync/index.js:251:28)
      at sync (node_modules/gensync/index.js:89:14)
      at fn (node_modules/@babel/core/src/errors/rewrite-stack-trace.ts:99:14)
      at transformSync (node_modules/@babel/core/src/transform.ts:66:52)
      at ScriptTransformer.transformSource (node_modules/@jest/transform/build/ScriptTransformer.js:545:31)
      at ScriptTransformer._transformAndBuildScript (node_modules/@jest/transform/build/ScriptTransformer.js:674:40)
      at ScriptTransformer.transform (node_modules/@jest/transform/build/ScriptTransformer.js:726:19)


Test Suites: 5 failed, 34 passed, 39 total
Tests:       15 failed, 502 passed, 517 total
Snapshots:   0 total
Time:        5.972 s, estimated 6 s
Ran all test suites.
